<?xml version="1.0" encoding="UTF-8"?>
<!-- Generated by org.testng.reporters.JUnitReportReporter -->
<testsuite skipped="1" hostname="DESKTOP-F51KHNG" name="com.nopEcommerce.TestCase1" tests="2" failures="0" timestamp="2021-09-03T12:50:34 IST" time="38.592" errors="0">
  <testcase name="loginTest" time="38.592" classname="com.nopEcommerce.TestCase1"/>
  <system-out/>
  <testcase name="logoutTest" classname="com.nopEcommerce.TestCase1">
    <skipped/>
  </testcase> <!-- logoutTest -->
  <system-out/>
</testsuite> <!-- com.nopEcommerce.TestCase1 -->
